Drill report for board.kicad_pcb
Created on Sat 22 Oct 2022 23:06:56 BST

Copper Layer Stackup:
    =============================================================
    L1 :  F.Cu                      front
    L2 :  B.Cu                      back


Drill file 'board-PTH.drl' contains
    plated through holes:
    =============================================================
    T1  0.400mm  0.0157"  (25 holes)
    T2  0.900mm  0.0354"  (8 holes)  (with 8 slots)
    T3  0.991mm  0.0390"  (52 holes)
    T4  1.092mm  0.0430"  (48 holes)
    T5  1.300mm  0.0512"  (2 holes)

    Total plated holes count 135


Drill file 'board-NPTH.drl' contains
    unplated through holes:
    =============================================================
    T1  1.200mm  0.0472"  (4 holes)
    T2  1.702mm  0.0670"  (52 holes)
    T3  3.000mm  0.1181"  (104 holes)
    T4  3.988mm  0.1570"  (26 holes)

    Total unplated holes count 186
